<?xml version="1.0" encoding="UTF-8"?>
<!-- Generated by org.testng.reporters.JUnitReportReporter -->
<testsuite hostname="DESKTOP-DB2JUPE" failures="0" tests="3" name="com.retirement.testCases.TestCalculator" time="12.240" errors="0" timestamp="2022-12-25T08:49:27 IST" skipped="2">
  <testcase classname="com.retirement.testCases.TestCalculator" name="test3" time="12.240"/>
  <system-out/>
  <testcase classname="com.retirement.testCases.TestCalculator" name="testCalculator">
    <skipped/>
  </testcase> <!-- testCalculator -->
  <system-out/>
  <testcase classname="com.retirement.testCases.TestCalculator" name="test2">
    <skipped/>
  </testcase> <!-- test2 -->
  <system-out/>
</testsuite> <!-- com.retirement.testCases.TestCalculator -->
