<?xml version="1.0" encoding="UTF-8"?>
<!-- Generated by org.testng.reporters.JUnitReportReporter -->
<testsuite hostname="DESKTOP-DB2JUPE" failures="0" tests="1" name="com.retirement.testCases.TestCalculator" time="4.998" errors="0" timestamp="2022-12-22T15:37:09 IST" skipped="0">
  <testcase classname="com.retirement.testCases.TestCalculator" name="testCalculator" time="4.998"/>
  <system-out/>
</testsuite> <!-- com.retirement.testCases.TestCalculator -->
